\BOOKMARK [0][-]{section*.1}{Glossaire}{}
\BOOKMARK [0][-]{chapter*.2}{R\351sum\351 / Abstract}{}
\BOOKMARK [0][-]{chapter*.6}{Remerciements}{}
\BOOKMARK [0][-]{chapter.1}{Le Network Administration Visualized}{}
\BOOKMARK [1][-]{section.1.1}{Pr\351sentation rapide}{chapter.1}
\BOOKMARK [1][-]{section.1.2}{Limites de NAV}{chapter.1}
\BOOKMARK [2][-]{subsection.1.2.1}{Domaines d'utilisation}{section.1.2}
\BOOKMARK [2][-]{subsection.1.2.2}{Fonctionnalit\351s}{section.1.2}
\BOOKMARK [0][-]{chapter.2}{Initialisation automatique de la base de donn\351es}{}
\BOOKMARK [1][-]{section.2.1}{Initialisation automatique de la base de donn\351es gr\342ce \340 SNMP}{chapter.2}
\BOOKMARK [2][-]{subsection.2.1.1}{\311tudes relatives \340 la d\351couverte de la typologie r\351seau avec SNMP}{section.2.1}
\BOOKMARK [1][-]{section.2.2}{Les algorithmes}{chapter.2}
\BOOKMARK [2][-]{subsection.2.2.1}{Starting Point}{section.2.2}
\BOOKMARK [2][-]{subsection.2.2.2}{Device Discovery}{section.2.2}
\BOOKMARK [2][-]{subsection.2.2.3}{Device grouping}{section.2.2}
\BOOKMARK [2][-]{subsection.2.2.4}{Device type discovery}{section.2.2}
\BOOKMARK [2][-]{subsection.2.2.5}{Create Bulk format}{section.2.2}
\BOOKMARK [2][-]{subsection.2.2.6}{Store in Db}{section.2.2}
\BOOKMARK [1][-]{section.2.3}{Impl\351mentation, tests et r\351sultats}{chapter.2}
\BOOKMARK [2][-]{subsection.2.3.1}{Structuration}{section.2.3}
\BOOKMARK [2][-]{subsection.2.3.2}{La classe SeebDB}{section.2.3}
\BOOKMARK [2][-]{subsection.2.3.3}{La classe GetIndirectNextHop}{section.2.3}
\BOOKMARK [2][-]{subsection.2.3.4}{La classe DeviceGrouping}{section.2.3}
\BOOKMARK [2][-]{subsection.2.3.5}{La classe GetLocalNetAddress}{section.2.3}
\BOOKMARK [2][-]{subsection.2.3.6}{\311valuation du code}{section.2.3}
\BOOKMARK [2][-]{subsection.2.3.7}{Test dans un environnement virtuel}{section.2.3}
\BOOKMARK [0][-]{chapter*.11}{Bibliographie}{}
